The system is: Linux - 3.13.0-35-generic - x86_64
Compiling the Fortran compiler identification source file "CMakeFortranCompilerId.F" succeeded.
Compiler: /opt/intel/bin/ifort 
Build flags: 
Id flags: 

The output was:
0


Compilation of the Fortran compiler identification source "CMakeFortranCompilerId.F" produced "a.out"

The Fortran compiler identification is Intel, found in "/home/casper/Work/AED_PUBLIC_2.0.0alpha6/fabm-git/build/CMakeFiles/2.8.12.2/CompilerIdFortran/a.out"

Determining if the Fortran compiler works passed with the following output:
Change Dir: /home/casper/Work/AED_PUBLIC_2.0.0alpha6/fabm-git/build/CMakeFiles/CMakeTmp

Run Build Command:/usr/bin/make "cmTryCompileExec1181159463/fast"
/usr/bin/make -f CMakeFiles/cmTryCompileExec1181159463.dir/build.make CMakeFiles/cmTryCompileExec1181159463.dir/build
make[1]: Entering directory `/home/casper/Work/AED_PUBLIC_2.0.0alpha6/fabm-git/build/CMakeFiles/CMakeTmp'
/usr/bin/cmake -E cmake_progress_report /home/casper/Work/AED_PUBLIC_2.0.0alpha6/fabm-git/build/CMakeFiles/CMakeTmp/CMakeFiles 1
Building Fortran object CMakeFiles/cmTryCompileExec1181159463.dir/testFortranCompiler.f.o
/opt/intel/bin/ifort    -c /home/casper/Work/AED_PUBLIC_2.0.0alpha6/fabm-git/build/CMakeFiles/CMakeTmp/testFortranCompiler.f -o CMakeFiles/cmTryCompileExec1181159463.dir/testFortranCompiler.f.o
Linking Fortran executable cmTryCompileExec1181159463
/usr/bin/cmake -E cmake_link_script CMakeFiles/cmTryCompileExec1181159463.dir/link.txt --verbose=1
/opt/intel/bin/ifort       CMakeFiles/cmTryCompileExec1181159463.dir/testFortranCompiler.f.o  -o cmTryCompileExec1181159463 -i_dynamic 
make[1]: Leaving directory `/home/casper/Work/AED_PUBLIC_2.0.0alpha6/fabm-git/build/CMakeFiles/CMakeTmp'


Detecting Fortran compiler ABI info compiled with the following output:
Change Dir: /home/casper/Work/AED_PUBLIC_2.0.0alpha6/fabm-git/build/CMakeFiles/CMakeTmp

Run Build Command:/usr/bin/make "cmTryCompileExec2909432748/fast"
/usr/bin/make -f CMakeFiles/cmTryCompileExec2909432748.dir/build.make CMakeFiles/cmTryCompileExec2909432748.dir/build
make[1]: Entering directory `/home/casper/Work/AED_PUBLIC_2.0.0alpha6/fabm-git/build/CMakeFiles/CMakeTmp'
/usr/bin/cmake -E cmake_progress_report /home/casper/Work/AED_PUBLIC_2.0.0alpha6/fabm-git/build/CMakeFiles/CMakeTmp/CMakeFiles 1
Building Fortran object CMakeFiles/cmTryCompileExec2909432748.dir/CMakeFortranCompilerABI.F.o
/opt/intel/bin/ifort    -c /usr/share/cmake-2.8/Modules/CMakeFortranCompilerABI.F -o CMakeFiles/cmTryCompileExec2909432748.dir/CMakeFortranCompilerABI.F.o
Linking Fortran executable cmTryCompileExec2909432748
/usr/bin/cmake -E cmake_link_script CMakeFiles/cmTryCompileExec2909432748.dir/link.txt --verbose=1
/opt/intel/bin/ifort   -v   CMakeFiles/cmTryCompileExec2909432748.dir/CMakeFortranCompilerABI.F.o  -o cmTryCompileExec2909432748 -i_dynamic  
ifort version 13.1.0
/opt/intel/composer_xe_2013.2.146/bin/intel64/fortcom    -mP1OPT_version=13.0-intel64 -mGLOB_diag_file=CMakeFiles/cmTryCompileExec2909432748.dir/CMakeFortranCompilerABI.F.diag -mGLOB_source_language=GLOB_SOURCE_LANGUAGE_F90 -mGLOB_tune_for_fort -mGLOB_use_fort_dope_vector -mP2OPT_static_promotion -mP1OPT_print_version=FALSE -mCG_use_gas_got_workaround=F -mP2OPT_align_option_used=TRUE -mGLOB_gcc_version=470 "-mGLOB_options_string=-v -o cmTryCompileExec2909432748 -i_dynamic" -mGLOB_cxx_limited_range=FALSE -mCG_extend_parms=FALSE -mGLOB_compiler_bin_directory=/opt/intel/composer_xe_2013.2.146/bin/intel64 -mGLOB_as_output_backup_file_name=/tmp/ifortVat2ppas_.s -mIPOPT_activate -mGLOB_machine_model=GLOB_MACHINE_MODEL_EFI2 -mGLOB_product_id_code=0x22006d91 -mCG_bnl_movbe=T -mP3OPT_use_mspp_call_convention -mP2OPT_subs_out_of_bound=FALSE -mGLOB_ansi_alias -mPGOPTI_value_profile_use=T -mP2OPT_il0_array_sections=TRUE -mGLOB_offload_mode=1 -mP2OPT_offload_unique_var_string=ifort786271692JyYBCi -mP2OPT_hlo -mP2OPT_hpo_rtt_control=0 -mIPOPT_args_in_regs=0 -mP2OPT_disam_assume_nonstd_intent_in=FALSE -mGLOB_imf_mapping_library=/opt/intel/composer_xe_2013.2.146/bin/intel64/libiml_attr.so -mIPOPT_link -mIPOPT_ipo_activate -mIPOPT_mo_activate -mIPOPT_source_files_list=/tmp/ifortslis9ruYQM -mIPOPT_mo_global_data -mIPOPT_link_script_file=/tmp/ifortscriptAbvUHZ -mIPOPT_link_version=2.24 "-mIPOPT_cmdline_link="/usr/lib/gcc/x86_64-linux-gnu/4.8/../../../x86_64-linux-gnu/crt1.o" "/usr/lib/gcc/x86_64-linux-gnu/4.8/../../../x86_64-linux-gnu/crti.o" "/usr/lib/gcc/x86_64-linux-gnu/4.8/crtbegin.o" "--eh-frame-hdr" "--build-id" "-dynamic-linker" "/lib64/ld-linux-x86_64.so.2" "-o" "cmTryCompileExec2909432748" "/opt/intel/composer_xe_2013.2.146/compiler/lib/intel64/for_main.o" "-L/opt/intel/composer_xe_2013.2.146/compiler/lib/intel64" "-L/opt/intel/composer_xe_2013.2.146/compiler/lib/intel64" "-L/opt/intel/composer_xe_2013.2.146/mkl/lib/intel64" "-L/opt/intel/composer_xe_2013.2.146/compiler/lib/intel64" "-L/opt/intel/composer_xe_2013.2.146/compiler/lib/intel64" "-L/opt/intel/composer_xe_2013.2.146/mkl/lib/intel64" "-L/opt/intel/composer_xe_2013.2.146/compiler/lib/intel64" "-L/usr/lib/gcc/x86_64-linux-gnu/4.8/" "-L/usr/lib/gcc/x86_64-linux-gnu/4.8/../../../x86_64-linux-gnu/" "-L/usr/lib/gcc/x86_64-linux-gnu/4.8/../../../../lib/" "-L/lib/x86_64-linux-gnu/" "-L/lib/../lib64" "-L/lib/../lib/" "-L/usr/lib/x86_64-linux-gnu/" "-L/usr/lib/../lib/" "-L/opt/intel/composer_xe_2013.2.146/compiler/lib/intel64/" "-L/opt/intel/composer_xe_2013.2.146/mkl/lib/intel64/" "-L/usr/lib/gcc/x86_64-linux-gnu/4.8/../../../" "-L/lib64" "-L/lib/" "-L/usr/lib" "-L/usr/lib/i386-linux-gnu" "CMakeFiles/cmTryCompileExec2909432748.dir/CMakeFortranCompilerABI.F.o" "-lifport" "-lifcore" "-limf" "-lsvml" "-lm" "-lipgo" "-lintlc" "-lpthread" "-lsvml" "-lc" "-lgcc" "-lgcc_s" "-lirc_s" "-ldl" "-lc" "/usr/lib/gcc/x86_64-linux-gnu/4.8/crtend.o" "/usr/lib/gcc/x86_64-linux-gnu/4.8/../../../x86_64-linux-gnu/crtn.o"" -mIPOPT_il_in_obj -mIPOPT_ipo_activate_warn=FALSE -mIPOPT_obj_output_file_name=/tmp/ipo_ifortnYoqJx.o -mIPOPT_whole_archive_fixup_file_name=/tmp/ifortwarchJYLIfh -mGLOB_linker_version=2.24 -mGLOB_long_size_64 -mGLOB_routine_pointer_size_64 -mGLOB_driver_tempfile_name=/tmp/iforttempfileJbfr8t -mP3OPT_asm_target=P3OPT_ASM_TARGET_GAS -mGLOB_async_unwind_tables=TRUE -mGLOB_obj_output_file=/tmp/ipo_ifortnYoqJx.o -mGLOB_source_dialect=GLOB_SOURCE_DIALECT_NONE -mP1OPT_source_file_name=ipo_out.f -mP2OPT_symtab_type_copy=true CMakeFiles/cmTryCompileExec2909432748.dir/CMakeFortranCompilerABI.F.o -mIPOPT_object_files=T -mIPOPT_assembly_files=/tmp/ifortalisA6PfrX -mIPOPT_generated_tempfiles=/tmp/ifortelisRThbia -mIPOPT_embedded_object_base_name=/tmp/iforteobj6HO68m -mIPOPT_cmdline_link_new_name=/tmp/ifortllis8yB2Zz
ld    /usr/lib/gcc/x86_64-linux-gnu/4.8/../../../x86_64-linux-gnu/crt1.o /usr/lib/gcc/x86_64-linux-gnu/4.8/../../../x86_64-linux-gnu/crti.o /usr/lib/gcc/x86_64-linux-gnu/4.8/crtbegin.o --eh-frame-hdr --build-id -dynamic-linker /lib64/ld-linux-x86_64.so.2 -o cmTryCompileExec2909432748 /opt/intel/composer_xe_2013.2.146/compiler/lib/intel64/for_main.o -L/opt/intel/composer_xe_2013.2.146/compiler/lib/intel64 -L/opt/intel/composer_xe_2013.2.146/compiler/lib/intel64 -L/opt/intel/composer_xe_2013.2.146/mkl/lib/intel64 -L/opt/intel/composer_xe_2013.2.146/compiler/lib/intel64 -L/opt/intel/composer_xe_2013.2.146/compiler/lib/intel64 -L/opt/intel/composer_xe_2013.2.146/mkl/lib/intel64 -L/opt/intel/composer_xe_2013.2.146/compiler/lib/intel64 -L/usr/lib/gcc/x86_64-linux-gnu/4.8/ -L/usr/lib/gcc/x86_64-linux-gnu/4.8/../../../x86_64-linux-gnu/ -L/usr/lib/gcc/x86_64-linux-gnu/4.8/../../../../lib/ -L/lib/x86_64-linux-gnu/ -L/lib/../lib64 -L/lib/../lib/ -L/usr/lib/x86_64-linux-gnu/ -L/usr/lib/../lib/ -L/opt/intel/composer_xe_2013.2.146/compiler/lib/intel64/ -L/opt/intel/composer_xe_2013.2.146/mkl/lib/intel64/ -L/usr/lib/gcc/x86_64-linux-gnu/4.8/../../../ -L/lib64 -L/lib/ -L/usr/lib -L/usr/lib/i386-linux-gnu CMakeFiles/cmTryCompileExec2909432748.dir/CMakeFortranCompilerABI.F.o -lifport -lifcore -limf -lsvml -lm -lipgo -lintlc -lpthread -lsvml -lc -lgcc -lgcc_s -lirc_s -ldl -lc /usr/lib/gcc/x86_64-linux-gnu/4.8/crtend.o /usr/lib/gcc/x86_64-linux-gnu/4.8/../../../x86_64-linux-gnu/crtn.o
make[1]: Leaving directory `/home/casper/Work/AED_PUBLIC_2.0.0alpha6/fabm-git/build/CMakeFiles/CMakeTmp'


Parsed Fortran implicit link information from above output:
  link line regex: [^( *|.*[/\])(ld|([^/\]+-)?ld|collect2)[^/\]*( |$)]
  ignore line: [Change Dir: /home/casper/Work/AED_PUBLIC_2.0.0alpha6/fabm-git/build/CMakeFiles/CMakeTmp]
  ignore line: []
  ignore line: [Run Build Command:/usr/bin/make "cmTryCompileExec2909432748/fast"]
  ignore line: [/usr/bin/make -f CMakeFiles/cmTryCompileExec2909432748.dir/build.make CMakeFiles/cmTryCompileExec2909432748.dir/build]
  ignore line: [make[1]: Entering directory `/home/casper/Work/AED_PUBLIC_2.0.0alpha6/fabm-git/build/CMakeFiles/CMakeTmp']
  ignore line: [/usr/bin/cmake -E cmake_progress_report /home/casper/Work/AED_PUBLIC_2.0.0alpha6/fabm-git/build/CMakeFiles/CMakeTmp/CMakeFiles 1]
  ignore line: [Building Fortran object CMakeFiles/cmTryCompileExec2909432748.dir/CMakeFortranCompilerABI.F.o]
  ignore line: [/opt/intel/bin/ifort    -c /usr/share/cmake-2.8/Modules/CMakeFortranCompilerABI.F -o CMakeFiles/cmTryCompileExec2909432748.dir/CMakeFortranCompilerABI.F.o]
  ignore line: [Linking Fortran executable cmTryCompileExec2909432748]
  ignore line: [/usr/bin/cmake -E cmake_link_script CMakeFiles/cmTryCompileExec2909432748.dir/link.txt --verbose=1]
  ignore line: [/opt/intel/bin/ifort   -v   CMakeFiles/cmTryCompileExec2909432748.dir/CMakeFortranCompilerABI.F.o  -o cmTryCompileExec2909432748 -i_dynamic  ]
  ignore line: [ifort version 13.1.0]
  ignore line: [/opt/intel/composer_xe_2013.2.146/bin/intel64/fortcom    -mP1OPT_version=13.0-intel64 -mGLOB_diag_file=CMakeFiles/cmTryCompileExec2909432748.dir/CMakeFortranCompilerABI.F.diag -mGLOB_source_language=GLOB_SOURCE_LANGUAGE_F90 -mGLOB_tune_for_fort -mGLOB_use_fort_dope_vector -mP2OPT_static_promotion -mP1OPT_print_version=FALSE -mCG_use_gas_got_workaround=F -mP2OPT_align_option_used=TRUE -mGLOB_gcc_version=470 "-mGLOB_options_string=-v -o cmTryCompileExec2909432748 -i_dynamic" -mGLOB_cxx_limited_range=FALSE -mCG_extend_parms=FALSE -mGLOB_compiler_bin_directory=/opt/intel/composer_xe_2013.2.146/bin/intel64 -mGLOB_as_output_backup_file_name=/tmp/ifortVat2ppas_.s -mIPOPT_activate -mGLOB_machine_model=GLOB_MACHINE_MODEL_EFI2 -mGLOB_product_id_code=0x22006d91 -mCG_bnl_movbe=T -mP3OPT_use_mspp_call_convention -mP2OPT_subs_out_of_bound=FALSE -mGLOB_ansi_alias -mPGOPTI_value_profile_use=T -mP2OPT_il0_array_sections=TRUE -mGLOB_offload_mode=1 -mP2OPT_offload_unique_var_string=ifort786271692JyYBCi -mP2OPT_hlo -mP2OPT_hpo_rtt_control=0 -mIPOPT_args_in_regs=0 -mP2OPT_disam_assume_nonstd_intent_in=FALSE -mGLOB_imf_mapping_library=/opt/intel/composer_xe_2013.2.146/bin/intel64/libiml_attr.so -mIPOPT_link -mIPOPT_ipo_activate -mIPOPT_mo_activate -mIPOPT_source_files_list=/tmp/ifortslis9ruYQM -mIPOPT_mo_global_data -mIPOPT_link_script_file=/tmp/ifortscriptAbvUHZ -mIPOPT_link_version=2.24 "-mIPOPT_cmdline_link="/usr/lib/gcc/x86_64-linux-gnu/4.8/../../../x86_64-linux-gnu/crt1.o" "/usr/lib/gcc/x86_64-linux-gnu/4.8/../../../x86_64-linux-gnu/crti.o" "/usr/lib/gcc/x86_64-linux-gnu/4.8/crtbegin.o" "--eh-frame-hdr" "--build-id" "-dynamic-linker" "/lib64/ld-linux-x86_64.so.2" "-o" "cmTryCompileExec2909432748" "/opt/intel/composer_xe_2013.2.146/compiler/lib/intel64/for_main.o" "-L/opt/intel/composer_xe_2013.2.146/compiler/lib/intel64" "-L/opt/intel/composer_xe_2013.2.146/compiler/lib/intel64" "-L/opt/intel/composer_xe_2013.2.146/mkl/lib/intel64" "-L/opt/intel/composer_xe_2013.2.146/compiler/lib/intel64" "-L/opt/intel/composer_xe_2013.2.146/compiler/lib/intel64" "-L/opt/intel/composer_xe_2013.2.146/mkl/lib/intel64" "-L/opt/intel/composer_xe_2013.2.146/compiler/lib/intel64" "-L/usr/lib/gcc/x86_64-linux-gnu/4.8/" "-L/usr/lib/gcc/x86_64-linux-gnu/4.8/../../../x86_64-linux-gnu/" "-L/usr/lib/gcc/x86_64-linux-gnu/4.8/../../../../lib/" "-L/lib/x86_64-linux-gnu/" "-L/lib/../lib64" "-L/lib/../lib/" "-L/usr/lib/x86_64-linux-gnu/" "-L/usr/lib/../lib/" "-L/opt/intel/composer_xe_2013.2.146/compiler/lib/intel64/" "-L/opt/intel/composer_xe_2013.2.146/mkl/lib/intel64/" "-L/usr/lib/gcc/x86_64-linux-gnu/4.8/../../../" "-L/lib64" "-L/lib/" "-L/usr/lib" "-L/usr/lib/i386-linux-gnu" "CMakeFiles/cmTryCompileExec2909432748.dir/CMakeFortranCompilerABI.F.o" "-lifport" "-lifcore" "-limf" "-lsvml" "-lm" "-lipgo" "-lintlc" "-lpthread" "-lsvml" "-lc" "-lgcc" "-lgcc_s" "-lirc_s" "-ldl" "-lc" "/usr/lib/gcc/x86_64-linux-gnu/4.8/crtend.o" "/usr/lib/gcc/x86_64-linux-gnu/4.8/../../../x86_64-linux-gnu/crtn.o"" -mIPOPT_il_in_obj -mIPOPT_ipo_activate_warn=FALSE -mIPOPT_obj_output_file_name=/tmp/ipo_ifortnYoqJx.o -mIPOPT_whole_archive_fixup_file_name=/tmp/ifortwarchJYLIfh -mGLOB_linker_version=2.24 -mGLOB_long_size_64 -mGLOB_routine_pointer_size_64 -mGLOB_driver_tempfile_name=/tmp/iforttempfileJbfr8t -mP3OPT_asm_target=P3OPT_ASM_TARGET_GAS -mGLOB_async_unwind_tables=TRUE -mGLOB_obj_output_file=/tmp/ipo_ifortnYoqJx.o -mGLOB_source_dialect=GLOB_SOURCE_DIALECT_NONE -mP1OPT_source_file_name=ipo_out.f -mP2OPT_symtab_type_copy=true CMakeFiles/cmTryCompileExec2909432748.dir/CMakeFortranCompilerABI.F.o -mIPOPT_object_files=T -mIPOPT_assembly_files=/tmp/ifortalisA6PfrX -mIPOPT_generated_tempfiles=/tmp/ifortelisRThbia -mIPOPT_embedded_object_base_name=/tmp/iforteobj6HO68m -mIPOPT_cmdline_link_new_name=/tmp/ifortllis8yB2Zz]
  link line: [ld    /usr/lib/gcc/x86_64-linux-gnu/4.8/../../../x86_64-linux-gnu/crt1.o /usr/lib/gcc/x86_64-linux-gnu/4.8/../../../x86_64-linux-gnu/crti.o /usr/lib/gcc/x86_64-linux-gnu/4.8/crtbegin.o --eh-frame-hdr --build-id -dynamic-linker /lib64/ld-linux-x86_64.so.2 -o cmTryCompileExec2909432748 /opt/intel/composer_xe_2013.2.146/compiler/lib/intel64/for_main.o -L/opt/intel/composer_xe_2013.2.146/compiler/lib/intel64 -L/opt/intel/composer_xe_2013.2.146/compiler/lib/intel64 -L/opt/intel/composer_xe_2013.2.146/mkl/lib/intel64 -L/opt/intel/composer_xe_2013.2.146/compiler/lib/intel64 -L/opt/intel/composer_xe_2013.2.146/compiler/lib/intel64 -L/opt/intel/composer_xe_2013.2.146/mkl/lib/intel64 -L/opt/intel/composer_xe_2013.2.146/compiler/lib/intel64 -L/usr/lib/gcc/x86_64-linux-gnu/4.8/ -L/usr/lib/gcc/x86_64-linux-gnu/4.8/../../../x86_64-linux-gnu/ -L/usr/lib/gcc/x86_64-linux-gnu/4.8/../../../../lib/ -L/lib/x86_64-linux-gnu/ -L/lib/../lib64 -L/lib/../lib/ -L/usr/lib/x86_64-linux-gnu/ -L/usr/lib/../lib/ -L/opt/intel/composer_xe_2013.2.146/compiler/lib/intel64/ -L/opt/intel/composer_xe_2013.2.146/mkl/lib/intel64/ -L/usr/lib/gcc/x86_64-linux-gnu/4.8/../../../ -L/lib64 -L/lib/ -L/usr/lib -L/usr/lib/i386-linux-gnu CMakeFiles/cmTryCompileExec2909432748.dir/CMakeFortranCompilerABI.F.o -lifport -lifcore -limf -lsvml -lm -lipgo -lintlc -lpthread -lsvml -lc -lgcc -lgcc_s -lirc_s -ldl -lc /usr/lib/gcc/x86_64-linux-gnu/4.8/crtend.o /usr/lib/gcc/x86_64-linux-gnu/4.8/../../../x86_64-linux-gnu/crtn.o]
    arg [ld] ==> ignore
    arg [/usr/lib/gcc/x86_64-linux-gnu/4.8/../../../x86_64-linux-gnu/crt1.o] ==> ignore
    arg [/usr/lib/gcc/x86_64-linux-gnu/4.8/../../../x86_64-linux-gnu/crti.o] ==> ignore
    arg [/usr/lib/gcc/x86_64-linux-gnu/4.8/crtbegin.o] ==> ignore
    arg [--eh-frame-hdr] ==> ignore
    arg [--build-id] ==> ignore
    arg [-dynamic-linker] ==> ignore
    arg [/lib64/ld-linux-x86_64.so.2] ==> ignore
    arg [-o] ==> ignore
    arg [cmTryCompileExec2909432748] ==> ignore
    arg [/opt/intel/composer_xe_2013.2.146/compiler/lib/intel64/for_main.o] ==> ignore
    arg [-L/opt/intel/composer_xe_2013.2.146/compiler/lib/intel64] ==> dir [/opt/intel/composer_xe_2013.2.146/compiler/lib/intel64]
    arg [-L/opt/intel/composer_xe_2013.2.146/compiler/lib/intel64] ==> dir [/opt/intel/composer_xe_2013.2.146/compiler/lib/intel64]
    arg [-L/opt/intel/composer_xe_2013.2.146/mkl/lib/intel64] ==> dir [/opt/intel/composer_xe_2013.2.146/mkl/lib/intel64]
    arg [-L/opt/intel/composer_xe_2013.2.146/compiler/lib/intel64] ==> dir [/opt/intel/composer_xe_2013.2.146/compiler/lib/intel64]
    arg [-L/opt/intel/composer_xe_2013.2.146/compiler/lib/intel64] ==> dir [/opt/intel/composer_xe_2013.2.146/compiler/lib/intel64]
    arg [-L/opt/intel/composer_xe_2013.2.146/mkl/lib/intel64] ==> dir [/opt/intel/composer_xe_2013.2.146/mkl/lib/intel64]
    arg [-L/opt/intel/composer_xe_2013.2.146/compiler/lib/intel64] ==> dir [/opt/intel/composer_xe_2013.2.146/compiler/lib/intel64]
    arg [-L/usr/lib/gcc/x86_64-linux-gnu/4.8/] ==> dir [/usr/lib/gcc/x86_64-linux-gnu/4.8/]
    arg [-L/usr/lib/gcc/x86_64-linux-gnu/4.8/../../../x86_64-linux-gnu/] ==> dir [/usr/lib/gcc/x86_64-linux-gnu/4.8/../../../x86_64-linux-gnu/]
    arg [-L/usr/lib/gcc/x86_64-linux-gnu/4.8/../../../../lib/] ==> dir [/usr/lib/gcc/x86_64-linux-gnu/4.8/../../../../lib/]
    arg [-L/lib/x86_64-linux-gnu/] ==> dir [/lib/x86_64-linux-gnu/]
    arg [-L/lib/../lib64] ==> dir [/lib/../lib64]
    arg [-L/lib/../lib/] ==> dir [/lib/../lib/]
    arg [-L/usr/lib/x86_64-linux-gnu/] ==> dir [/usr/lib/x86_64-linux-gnu/]
    arg [-L/usr/lib/../lib/] ==> dir [/usr/lib/../lib/]
    arg [-L/opt/intel/composer_xe_2013.2.146/compiler/lib/intel64/] ==> dir [/opt/intel/composer_xe_2013.2.146/compiler/lib/intel64/]
    arg [-L/opt/intel/composer_xe_2013.2.146/mkl/lib/intel64/] ==> dir [/opt/intel/composer_xe_2013.2.146/mkl/lib/intel64/]
    arg [-L/usr/lib/gcc/x86_64-linux-gnu/4.8/../../../] ==> dir [/usr/lib/gcc/x86_64-linux-gnu/4.8/../../../]
    arg [-L/lib64] ==> dir [/lib64]
    arg [-L/lib/] ==> dir [/lib/]
    arg [-L/usr/lib] ==> dir [/usr/lib]
    arg [-L/usr/lib/i386-linux-gnu] ==> dir [/usr/lib/i386-linux-gnu]
    arg [CMakeFiles/cmTryCompileExec2909432748.dir/CMakeFortranCompilerABI.F.o] ==> ignore
    arg [-lifport] ==> lib [ifport]
    arg [-lifcore] ==> lib [ifcore]
    arg [-limf] ==> lib [imf]
    arg [-lsvml] ==> lib [svml]
    arg [-lm] ==> lib [m]
    arg [-lipgo] ==> lib [ipgo]
    arg [-lintlc] ==> lib [intlc]
    arg [-lpthread] ==> lib [pthread]
    arg [-lsvml] ==> lib [svml]
    arg [-lc] ==> lib [c]
    arg [-lgcc] ==> lib [gcc]
    arg [-lgcc_s] ==> lib [gcc_s]
    arg [-lirc_s] ==> lib [irc_s]
    arg [-ldl] ==> lib [dl]
    arg [-lc] ==> lib [c]
    arg [/usr/lib/gcc/x86_64-linux-gnu/4.8/crtend.o] ==> ignore
    arg [/usr/lib/gcc/x86_64-linux-gnu/4.8/../../../x86_64-linux-gnu/crtn.o] ==> ignore
  remove lib [gcc]
  remove lib [gcc_s]
  collapse library dir [/opt/intel/composer_xe_2013.2.146/compiler/lib/intel64] ==> [/opt/intel/composer_xe_2013.2.146/compiler/lib/intel64]
  collapse library dir [/opt/intel/composer_xe_2013.2.146/compiler/lib/intel64] ==> [/opt/intel/composer_xe_2013.2.146/compiler/lib/intel64]
  collapse library dir [/opt/intel/composer_xe_2013.2.146/mkl/lib/intel64] ==> [/opt/intel/composer_xe_2013.2.146/mkl/lib/intel64]
  collapse library dir [/opt/intel/composer_xe_2013.2.146/compiler/lib/intel64] ==> [/opt/intel/composer_xe_2013.2.146/compiler/lib/intel64]
  collapse library dir [/opt/intel/composer_xe_2013.2.146/compiler/lib/intel64] ==> [/opt/intel/composer_xe_2013.2.146/compiler/lib/intel64]
  collapse library dir [/opt/intel/composer_xe_2013.2.146/mkl/lib/intel64] ==> [/opt/intel/composer_xe_2013.2.146/mkl/lib/intel64]
  collapse library dir [/opt/intel/composer_xe_2013.2.146/compiler/lib/intel64] ==> [/opt/intel/composer_xe_2013.2.146/compiler/lib/intel64]
  collapse library dir [/usr/lib/gcc/x86_64-linux-gnu/4.8/] ==> [/usr/lib/gcc/x86_64-linux-gnu/4.8]
  collapse library dir [/usr/lib/gcc/x86_64-linux-gnu/4.8/../../../x86_64-linux-gnu/] ==> [/usr/lib/x86_64-linux-gnu]
  collapse library dir [/usr/lib/gcc/x86_64-linux-gnu/4.8/../../../../lib/] ==> [/usr/lib]
  collapse library dir [/lib/x86_64-linux-gnu/] ==> [/lib/x86_64-linux-gnu]
  collapse library dir [/lib/../lib64] ==> [/lib64]
  collapse library dir [/lib/../lib/] ==> [/lib]
  collapse library dir [/usr/lib/x86_64-linux-gnu/] ==> [/usr/lib/x86_64-linux-gnu]
  collapse library dir [/usr/lib/../lib/] ==> [/usr/lib]
  collapse library dir [/opt/intel/composer_xe_2013.2.146/compiler/lib/intel64/] ==> [/opt/intel/composer_xe_2013.2.146/compiler/lib/intel64]
  collapse library dir [/opt/intel/composer_xe_2013.2.146/mkl/lib/intel64/] ==> [/opt/intel/composer_xe_2013.2.146/mkl/lib/intel64]
  collapse library dir [/usr/lib/gcc/x86_64-linux-gnu/4.8/../../../] ==> [/usr/lib]
  collapse library dir [/lib64] ==> [/lib64]
  collapse library dir [/lib/] ==> [/lib]
  collapse library dir [/usr/lib] ==> [/usr/lib]
  collapse library dir [/usr/lib/i386-linux-gnu] ==> [/usr/lib/i386-linux-gnu]
  implicit libs: [ifport;ifcore;imf;svml;m;ipgo;intlc;pthread;svml;c;irc_s;dl;c]
  implicit dirs: [/opt/intel/composer_xe_2013.2.146/compiler/lib/intel64;/opt/intel/composer_xe_2013.2.146/mkl/lib/intel64;/usr/lib/gcc/x86_64-linux-gnu/4.8;/usr/lib/x86_64-linux-gnu;/usr/lib;/lib/x86_64-linux-gnu;/lib64;/lib;/usr/lib/i386-linux-gnu]
  implicit fwks: []


Determining if the Fortran compiler supports Fortran 90 passed with the following output:
Change Dir: /home/casper/Work/AED_PUBLIC_2.0.0alpha6/fabm-git/build/CMakeFiles/CMakeTmp

Run Build Command:/usr/bin/make "cmTryCompileExec1998845239/fast"
/usr/bin/make -f CMakeFiles/cmTryCompileExec1998845239.dir/build.make CMakeFiles/cmTryCompileExec1998845239.dir/build
make[1]: Entering directory `/home/casper/Work/AED_PUBLIC_2.0.0alpha6/fabm-git/build/CMakeFiles/CMakeTmp'
/usr/bin/cmake -E cmake_progress_report /home/casper/Work/AED_PUBLIC_2.0.0alpha6/fabm-git/build/CMakeFiles/CMakeTmp/CMakeFiles 1
Building Fortran object CMakeFiles/cmTryCompileExec1998845239.dir/testFortranCompilerF90.f90.o
/opt/intel/bin/ifort    -c /home/casper/Work/AED_PUBLIC_2.0.0alpha6/fabm-git/build/CMakeFiles/CMakeTmp/testFortranCompilerF90.f90 -o CMakeFiles/cmTryCompileExec1998845239.dir/testFortranCompilerF90.f90.o
Linking Fortran executable cmTryCompileExec1998845239
/usr/bin/cmake -E cmake_link_script CMakeFiles/cmTryCompileExec1998845239.dir/link.txt --verbose=1
/opt/intel/bin/ifort       CMakeFiles/cmTryCompileExec1998845239.dir/testFortranCompilerF90.f90.o  -o cmTryCompileExec1998845239 -i_dynamic 
make[1]: Leaving directory `/home/casper/Work/AED_PUBLIC_2.0.0alpha6/fabm-git/build/CMakeFiles/CMakeTmp'


